<?xml version="1.0" encoding="UTF-8"?>
<testng-results skipped="0" failed="0" total="1" passed="1">
  <reporter-output>
  </reporter-output>
  <suite name="Suite" duration-ms="33931" started-at="2017-10-18T00:54:17Z" finished-at="2017-10-18T00:54:51Z">
    <groups>
    </groups>
    <test name="Suma" duration-ms="33931" started-at="2017-10-18T00:54:17Z" finished-at="2017-10-18T00:54:51Z">
      <class name="com.appium.training.second_sample.tests.FirstTest">
        <test-method status="PASS" signature="setUp(java.lang.String, java.lang.String, java.lang.String, java.lang.String, java.lang.String, java.lang.String)[pri:0, instance:com.appium.training.second_sample.tests.FirstTest@2b98378d]" name="setUp" is-config="true" duration-ms="14172" started-at="2017-10-17T19:54:17Z" finished-at="2017-10-17T19:54:31Z">
          <params>
            <param index="0">
              <value>
                <![CDATA[emulator-5554]]>
              </value>
            </param>
            <param index="1">
              <value>
                <![CDATA[4.2.2]]>
              </value>
            </param>
            <param index="2">
              <value>
                <![CDATA[Android]]>
              </value>
            </param>
            <param index="3">
              <value>
                <![CDATA[com.android.calculator2]]>
              </value>
            </param>
            <param index="4">
              <value>
                <![CDATA[com.android.calculator2.Calculator]]>
              </value>
            </param>
            <param index="5">
              <value>
                <![CDATA[http://127.0.0.1:4723/wd/hub]]>
              </value>
            </param>
          </params>
          <reporter-output>
          </reporter-output>
        </test-method> <!-- setUp -->
        <test-method status="PASS" signature="Suma()[pri:0, instance:com.appium.training.second_sample.tests.FirstTest@2b98378d]" name="Suma" duration-ms="14647" started-at="2017-10-17T19:54:31Z" finished-at="2017-10-17T19:54:46Z">
          <reporter-output>
          </reporter-output>
        </test-method> <!-- Suma -->
        <test-method status="PASS" signature="End()[pri:0, instance:com.appium.training.second_sample.tests.FirstTest@2b98378d]" name="End" is-config="true" duration-ms="5100" started-at="2017-10-17T19:54:46Z" finished-at="2017-10-17T19:54:51Z">
          <reporter-output>
          </reporter-output>
        </test-method> <!-- End -->
      </class> <!-- com.appium.training.second_sample.tests.FirstTest -->
    </test> <!-- Suma -->
  </suite> <!-- Suite -->
</testng-results>
